Build started 2014-03-23 01:43:19.
     1>Project "C:\Users\Krzysiek\Documents\Visual Studio 2013\Projects\moon-lang\moon-lang\moon-lang.vcxproj" on node 2 (Build target(s)).
     1>ClCompile:
         C:\Program Files (x86)\Microsoft Visual Studio 12.0\VC\bin\CL.exe /c /ZI /nologo /W3 /WX- /sdl /Od /Oy- /D _MBCS /Gm /EHsc /RTC1 /MDd /GS /fp:precise /Zc:wchar_t /Zc:forScope /Fo"Debug\\" /Fd"Debug\vc120.pdb" /Gd /TP /analyze- /errorReport:prompt API\MoonEngine.cpp API\Value.cpp itpr\AstBind.cpp itpr\AstCompound.cpp itpr\AstFuncCall.cpp itpr\AstFuncDecl.cpp itpr\AstLiteral.cpp itpr\AstReference.cpp itpr\Scope.cpp itpr\bif\AstBif.cpp parse\sexpr\AlgorithmAstParsers.cpp parse\sexpr\AlgorithmCommon.cpp parse\sexpr\AlgorithmDomBuilder.cpp parse\sexpr\AlgorithmLiteral.cpp parse\sexpr\AlgorithmTokenizer.cpp parse\sexpr\AstParser.cpp
         AstBif.cpp
         Generating Code...
         Compiling...
         AstParser.cpp
         AlgorithmTokenizer.cpp
         AlgorithmLiteral.cpp
         AlgorithmDomBuilder.cpp
         AlgorithmCommon.cpp
         AlgorithmAstParsers.cpp
         Scope.cpp
         AstReference.cpp
         AstLiteral.cpp
         AstFuncDecl.cpp
         AstFuncCall.cpp
         AstCompound.cpp
         AstBind.cpp
         Value.cpp
         MoonEngine.cpp
         Generating Code...
       Link:
         C:\Program Files (x86)\Microsoft Visual Studio 12.0\VC\bin\link.exe /ERRORREPORT:PROMPT /OUT:"C:\Users\Krzysiek\Documents\Visual Studio 2013\Projects\moon-lang\Debug\moon-lang.exe" /INCREMENTAL /NOLOGO kernel32.lib user32.lib gdi32.lib winspool.lib comdlg32.lib advapi32.lib shell32.lib ole32.lib oleaut32.lib uuid.lib odbc32.lib odbccp32.lib /MANIFEST /MANIFESTUAC:"level='asInvoker' uiAccess='false'" /manifest:embed /DEBUG /PDB:"C:\Users\Krzysiek\Documents\Visual Studio 2013\Projects\moon-lang\Debug\moon-lang.pdb" /TLBID:1 /DYNAMICBASE /NXCOMPAT /IMPLIB:"C:\Users\Krzysiek\Documents\Visual Studio 2013\Projects\moon-lang\Debug\moon-lang.lib" /MACHINE:X86 Debug\MoonEngine.obj
         Debug\Value.obj
         Debug\AstBif.obj
         Debug\AstBind.obj
         Debug\AstCompound.obj
         Debug\AstFuncCall.obj
         Debug\AstFuncDecl.obj
         Debug\AstLiteral.obj
         Debug\AstReference.obj
         Debug\Scope.obj
         Debug\Main.obj
         Debug\AlgorithmAstParsers.obj
         Debug\AlgorithmCommon.obj
         Debug\AlgorithmDomBuilder.obj
         Debug\AlgorithmLiteral.obj
         Debug\AlgorithmTokenizer.obj
         Debug\AstParser.obj
         moon-lang.vcxproj -> C:\Users\Krzysiek\Documents\Visual Studio 2013\Projects\moon-lang\Debug\moon-lang.exe
     1>Done Building Project "C:\Users\Krzysiek\Documents\Visual Studio 2013\Projects\moon-lang\moon-lang\moon-lang.vcxproj" (Build target(s)).

Build succeeded.

Time Elapsed 00:00:06.97
